<?xml version="1.0" encoding="UTF-8"?>
<testng-results ignored="2" total="3" passed="0" failed="1" skipped="0">
  <reporter-output>
  </reporter-output>
  <suite started-at="2022-03-17T10:46:37 IST" name="Tutorial Republic Smoke Suite" finished-at="2022-03-17T10:49:44 IST" duration-ms="186341">
    <groups>
    </groups>
    <test started-at="2022-03-17T10:46:37 IST" name="Tutorial Web Page Verification" finished-at="2022-03-17T10:49:44 IST" duration-ms="186341">
      <class name="app.tests.TutorialRepublicTest">
        <test-method is-config="true" signature="loadData()[pri:0, instance:app.tests.TutorialRepublicTest@7a675056]" started-at="2022-03-17T10:46:38 IST" name="loadData" finished-at="2022-03-17T10:46:38 IST" duration-ms="16" status="PASS">
          <reporter-output>
          </reporter-output>
        </test-method> <!-- loadData -->
        <test-method is-config="true" signature="setup()[pri:0, instance:app.tests.TutorialRepublicTest@7a675056]" started-at="2022-03-17T10:46:38 IST" name="setup" finished-at="2022-03-17T10:46:42 IST" duration-ms="4350" status="PASS">
          <reporter-output>
          </reporter-output>
        </test-method> <!-- setup -->
        <test-method signature="verifyTRChapterList()[pri:0, instance:app.tests.TutorialRepublicTest@7a675056]" started-at="2022-03-17T10:46:42 IST" name="verifyTRChapterList" finished-at="2022-03-17T10:49:37 IST" duration-ms="174711" status="FAIL">
          <exception class="java.lang.AssertionError">
            <message>
              <![CDATA[Something went wrong. Chapter links are not working properly]]>
            </message>
            <full-stacktrace>
              <![CDATA[java.lang.AssertionError: Something went wrong. Chapter links are not working properly
at org.testng.Assert.fail(Assert.java:97)
at app.pages.TutorialRepublicWebPage.displayChapterLinks(TutorialRepublicWebPage.java:130)
at app.tests.TutorialRepublicTest.verifyTRChapterList(TutorialRepublicTest.java:61)
at java.base/jdk.internal.reflect.NativeMethodAccessorImpl.invoke0(Native Method)
at java.base/jdk.internal.reflect.NativeMethodAccessorImpl.invoke(NativeMethodAccessorImpl.java:62)
at java.base/jdk.internal.reflect.DelegatingMethodAccessorImpl.invoke(DelegatingMethodAccessorImpl.java:43)
at java.base/java.lang.reflect.Method.invoke(Method.java:566)
at org.testng.internal.MethodInvocationHelper.invokeMethod(MethodInvocationHelper.java:133)
at org.testng.internal.TestInvoker.invokeMethod(TestInvoker.java:584)
at org.testng.internal.TestInvoker.invokeTestMethod(TestInvoker.java:172)
at org.testng.internal.MethodRunner.runInSequence(MethodRunner.java:46)
at org.testng.internal.TestInvoker$MethodInvocationAgent.invoke(TestInvoker.java:804)
at org.testng.internal.TestInvoker.invokeTestMethods(TestInvoker.java:145)
at org.testng.internal.TestMethodWorker.invokeTestMethods(TestMethodWorker.java:146)
at org.testng.internal.TestMethodWorker.run(TestMethodWorker.java:128)
at java.base/java.util.ArrayList.forEach(ArrayList.java:1541)
at org.testng.TestRunner.privateRun(TestRunner.java:770)
at org.testng.TestRunner.run(TestRunner.java:591)
at org.testng.SuiteRunner.runTest(SuiteRunner.java:402)
at org.testng.SuiteRunner.runSequentially(SuiteRunner.java:396)
at org.testng.SuiteRunner.privateRun(SuiteRunner.java:355)
at org.testng.SuiteRunner.run(SuiteRunner.java:304)
at org.testng.SuiteRunnerWorker.runSuite(SuiteRunnerWorker.java:53)
at org.testng.SuiteRunnerWorker.run(SuiteRunnerWorker.java:96)
at org.testng.TestNG.runSuitesSequentially(TestNG.java:1180)
at org.testng.TestNG.runSuitesLocally(TestNG.java:1102)
at org.testng.TestNG.runSuites(TestNG.java:1032)
at org.testng.TestNG.run(TestNG.java:1000)
at org.apache.maven.surefire.testng.TestNGExecutor.run(TestNGExecutor.java:283)
at org.apache.maven.surefire.testng.TestNGXmlTestSuite.execute(TestNGXmlTestSuite.java:75)
at org.apache.maven.surefire.testng.TestNGProvider.invoke(TestNGProvider.java:120)
at org.apache.maven.surefire.booter.ForkedBooter.invokeProviderInSameClassLoader(ForkedBooter.java:384)
at org.apache.maven.surefire.booter.ForkedBooter.runSuitesInProcess(ForkedBooter.java:345)
at org.apache.maven.surefire.booter.ForkedBooter.execute(ForkedBooter.java:126)
at org.apache.maven.surefire.booter.ForkedBooter.main(ForkedBooter.java:418)
]]>
            </full-stacktrace>
          </exception> <!-- java.lang.AssertionError -->
          <reporter-output>
          </reporter-output>
        </test-method> <!-- verifyTRChapterList -->
        <test-method is-config="true" signature="tearDown()[pri:0, instance:app.tests.TutorialRepublicTest@7a675056]" started-at="2022-03-17T10:49:37 IST" name="tearDown" finished-at="2022-03-17T10:49:44 IST" duration-ms="7003" status="PASS">
          <reporter-output>
          </reporter-output>
        </test-method> <!-- tearDown -->
      </class> <!-- app.tests.TutorialRepublicTest -->
    </test> <!-- Tutorial Web Page Verification -->
  </suite> <!-- Tutorial Republic Smoke Suite -->
</testng-results>
